#
# A fatal error has been detected by the Java Runtime Environment:
#
#  EXCEPTION_ACCESS_VIOLATION (0xc0000005) at pc=0x00007ff895f5c9c5, pid=13008, tid=7036
#
# JRE version: Java(TM) SE Runtime Environment (11.0.2+9) (build 11.0.2+9-LTS)
# Java VM: Java HotSpot(TM) 64-Bit Server VM (11.0.2+9-LTS, mixed mode, tiered, compressed oops, g1 gc, windows-amd64)
# Problematic frame:
# C  [SogouWBTSF.ime+0x3c9c5]
#
# No core dump will be written. Minidumps are not enabled by default on client versions of Windows
#
# If you would like to submit a bug report, please visit:
#   http://bugreport.java.com/bugreport/crash.jsp
# The crash happened outside the Java Virtual Machine in native code.
# See problematic frame for where to report the bug.
#

---------------  S U M M A R Y ------------

Command Line: his.jar

Host: Intel(R) Core(TM) i5-3470 CPU @ 3.20GHz, 4 cores, 15G,  Windows 10 , 64 bit Build 18362 (10.0.18362.959)
Time: Sat Jul 25 09:07:22 2020 ?D1¨²¡À¨º¡Á?¨º¡À?? elapsed time: 3 seconds (0d 0h 0m 3s)

---------------  T H R E A D  ---------------

Current thread (0x0000020ff756b000):  JavaThread "AWT-Windows" daemon [_thread_in_native, id=7036, stack(0x000000a67d300000,0x000000a67d400000)]

Stack: [0x000000a67d300000,0x000000a67d400000],  sp=0x000000a67d3fdfe8,  free space=1015k
Native frames: (J=compiled Java code, j=interpreted, Vv=VM code, C=native code)
C  [SogouWBTSF.ime+0x3c9c5]

Java frames: (J=compiled Java code, j=interpreted, Vv=VM code)
j  sun.awt.windows.WToolkit.eventLoop()V+0 java.desktop@11.0.2
j  sun.awt.windows.WToolkit.run()V+50 java.desktop@11.0.2
j  java.lang.Thread.run()V+11 java.base@11.0.2
v  ~StubRoutines::call_stub

siginfo: EXCEPTION_ACCESS_VIOLATION (0xc0000005), reading address 0x0000020ff7c0f000


Register to memory mapping:

RIP=0x00007ff895f5c9c5 SogouWBTSF.ime
RAX=0x0 is NULL
RBX=0x0000000000000018 is an unknown value
RCX=0x0000020fff9d4e88 points into unknown readable memory: 00 00 00 00 30 00 30 00
RDX=0xfffffffff823a178 is an unknown value
RSP=0x000000a67d3fdfe8 is pointing into the stack for thread: 0x0000020ff756b000
RBP=0x0000020ff7c0ef5c points into unknown readable memory: 61 00 00 00
RSI=0x0000020ff7c0efec points into unknown readable memory: 0f 02 00 00
RDI=0x0000000000000018 is an unknown value
R8 =0x0000000000000018 is an unknown value
R9 =0x0000000000000018 is an unknown value
R10=0x00007ff895f7bea8 SogouWBTSF.ime
R11=0x0000020fff9d4e74 points into unknown readable memory: 00 00 00 00
R12=0x0000020ff7c0eeb0 points into unknown readable memory: fd 00 00 00 01 00 00 00
R13=0x00000000000000fd is an unknown value
R14=0x0000020fff9c92b0 points into unknown readable memory: 00 00 00 00 00 00 00 00
R15=0x0000020fff9baff0 points into unknown readable memory: a8 be f7 95 f8 7f 00 00


Registers:
RAX=0x0000000000000000, RBX=0x0000000000000018, RCX=0x0000020fff9d4e88, RDX=0xfffffffff823a178
RSP=0x000000a67d3fdfe8, RBP=0x0000020ff7c0ef5c, RSI=0x0000020ff7c0efec, RDI=0x0000000000000018
R8 =0x0000000000000018, R9 =0x0000000000000018, R10=0x00007ff895f7bea8, R11=0x0000020fff9d4e74
R12=0x0000020ff7c0eeb0, R13=0x00000000000000fd, R14=0x0000020fff9c92b0, R15=0x0000020fff9baff0
RIP=0x00007ff895f5c9c5, EFLAGS=0x0000000000010206

Top of Stack: (sp=0x000000a67d3fdfe8)
0x000000a67d3fdfe8:   00007ff895f5b690 0000020f80300108
0x000000a67d3fdff8:   00007ff8c16f9c42 0000020f80300108
0x000000a67d3fe008:   00007ff8c16f9c42 0000020fd16e0000
0x000000a67d3fe018:   0000020fff3682d0 0000020fff9baff0
0x000000a67d3fe028:   00007ff895f2e69c 0000000000000000
0x000000a67d3fe038:   0000020fff3682d0 0000020f81cd11ff
0x000000a67d3fe048:   0000020fff3682d0 0000000000000000
0x000000a67d3fe058:   0000020fff8a3160 0000020fff9baff0
0x000000a67d3fe068:   000000a67d3fe190 0000000000000001
0x000000a67d3fe078:   00007ff895f23078 ffffffffbd3c1947
0x000000a67d3fe088:   0000020f81cd1101 0000020fff3682d0
0x000000a67d3fe098:   0000020fff3682d0 0000000000000000
0x000000a67d3fe0a8:   0000000000000042 fffffffffffffffe
0x000000a67d3fe0b8:   0000000000000001 0000020fff99afe0
0x000000a67d3fe0c8:   0000020fff9baff0 0000020fff9d4e90
0x000000a67d3fe0d8:   0000020fff9d4ed0 0000020fff9d4f88 

Instructions: (pc=0x00007ff895f5c9c5)
0x00007ff895f5c9a5:   c8 88 01 f6 c1 02 74 0f 48 83 e9 02 66 8b 04 0a
0x00007ff895f5c9b5:   49 83 e8 02 66 89 01 f6 c1 04 74 0d 48 83 e9 04
0x00007ff895f5c9c5:   8b 04 0a 49 83 e8 04 89 01 4d 8b c8 49 c1 e9 05
0x00007ff895f5c9d5:   75 50 4d 8b c8 49 c1 e9 03 74 14 48 83 e9 08 48 


Stack slot to memory mapping:
stack at sp + 0 slots: 0x00007ff895f5b690 SogouWBTSF.ime
stack at sp + 1 slots: 0x0000020f80300108 points into unknown readable memory: b0 ee c0 f7 0f 02 00 00
stack at sp + 2 slots: 0x00007ff8c16f9c42 ntdll.dll
stack at sp + 3 slots: 0x0000020f80300108 points into unknown readable memory: b0 ee c0 f7 0f 02 00 00
stack at sp + 4 slots: 0x00007ff8c16f9c42 ntdll.dll
stack at sp + 5 slots: 0x0000020fd16e0000 points into unknown readable memory: 00 00 00 00 00 00 00 00
stack at sp + 6 slots: 0x0000020fff3682d0 points into unknown readable memory: ae 14 31 00 00 00 00 00
stack at sp + 7 slots: 0x0000020fff9baff0 points into unknown readable memory: a8 be f7 95 f8 7f 00 00


---------------  P R O C E S S  ---------------

Threads class SMR info:
_java_thread_list=0x0000020fff1389a0, length=17, elements={
0x0000020ff676c800, 0x0000020ff6796000, 0x0000020ff7082800, 0x0000020ff7085000,
0x0000020ff7087000, 0x0000020ff708b000, 0x0000020ff708c000, 0x0000020ff7200800,
0x0000020ff720f000, 0x0000020ff75cd000, 0x0000020ff75d0000, 0x0000020ff756b000,
0x0000020ff75bf800, 0x0000020fd1808000, 0x0000020ffef1f800, 0x0000020ff7b64000,
0x0000020f80420800
}

Java Threads: ( => current thread )
  0x0000020ff676c800 JavaThread "Reference Handler" daemon [_thread_blocked, id=4456, stack(0x000000a67c700000,0x000000a67c800000)]
  0x0000020ff6796000 JavaThread "Finalizer" daemon [_thread_blocked, id=17344, stack(0x000000a67c800000,0x000000a67c900000)]
  0x0000020ff7082800 JavaThread "Signal Dispatcher" daemon [_thread_blocked, id=16192, stack(0x000000a67c900000,0x000000a67ca00000)]
  0x0000020ff7085000 JavaThread "Attach Listener" daemon [_thread_blocked, id=6360, stack(0x000000a67ca00000,0x000000a67cb00000)]
  0x0000020ff7087000 JavaThread "C2 CompilerThread0" daemon [_thread_blocked, id=7828, stack(0x000000a67cb00000,0x000000a67cc00000)]
  0x0000020ff708b000 JavaThread "C1 CompilerThread0" daemon [_thread_blocked, id=15500, stack(0x000000a67cc00000,0x000000a67cd00000)]
  0x0000020ff708c000 JavaThread "Sweeper thread" daemon [_thread_blocked, id=16484, stack(0x000000a67cd00000,0x000000a67ce00000)]
  0x0000020ff7200800 JavaThread "Service Thread" daemon [_thread_blocked, id=10772, stack(0x000000a67ce00000,0x000000a67cf00000)]
  0x0000020ff720f000 JavaThread "Common-Cleaner" daemon [_thread_blocked, id=11328, stack(0x000000a67d000000,0x000000a67d100000)]
  0x0000020ff75cd000 JavaThread "Java2D Disposer" daemon [_thread_blocked, id=10840, stack(0x000000a67d100000,0x000000a67d200000)]
  0x0000020ff75d0000 JavaThread "AWT-Shutdown" [_thread_blocked, id=17168, stack(0x000000a67d200000,0x000000a67d300000)]
=>0x0000020ff756b000 JavaThread "AWT-Windows" daemon [_thread_in_native, id=7036, stack(0x000000a67d300000,0x000000a67d400000)]
  0x0000020ff75bf800 JavaThread "AWT-EventQueue-0" [_thread_in_native, id=17032, stack(0x000000a67d400000,0x000000a67d500000)]
  0x0000020fd1808000 JavaThread "DestroyJavaVM" [_thread_blocked, id=2608, stack(0x000000a67c000000,0x000000a67c100000)]
  0x0000020ffef1f800 JavaThread "Image Fetcher 0" daemon [_thread_blocked, id=17288, stack(0x000000a67d800000,0x000000a67d900000)]
  0x0000020ff7b64000 JavaThread "TimerQueue" daemon [_thread_blocked, id=6744, stack(0x000000a67d900000,0x000000a67da00000)]
  0x0000020f80420800 JavaThread "D3D Screen Updater" daemon [_thread_blocked, id=15780, stack(0x000000a67e000000,0x000000a67e100000)]

Other Threads:
  0x0000020ff6769000 VMThread "VM Thread" [stack: 0x000000a67c600000,0x000000a67c700000] [id=14100]
  0x0000020ff720d000 WatcherThread [stack: 0x000000a67cf00000,0x000000a67d000000] [id=16704]
  0x0000020fd1819800 GCTaskThread "GC Thread#0" [stack: 0x000000a67c100000,0x000000a67c200000] [id=6772]
  0x0000020fff0c4000 GCTaskThread "GC Thread#1" [stack: 0x000000a67dd00000,0x000000a67de00000] [id=15948]
  0x0000020fff0c5000 GCTaskThread "GC Thread#2" [stack: 0x000000a67de00000,0x000000a67df00000] [id=5680]
  0x0000020fff0c5800 GCTaskThread "GC Thread#3" [stack: 0x000000a67df00000,0x000000a67e000000] [id=5712]
  0x0000020fd1879000 ConcurrentGCThread "G1 Main Marker" [stack: 0x000000a67c200000,0x000000a67c300000] [id=17064]
  0x0000020fd187b000 ConcurrentGCThread "G1 Conc#0" [stack: 0x000000a67c300000,0x000000a67c400000] [id=16220]
  0x0000020ff664c800 ConcurrentGCThread "G1 Refine#0" [stack: 0x000000a67c400000,0x000000a67c500000] [id=15292]
  0x0000020ff664d800 ConcurrentGCThread "G1 Young RemSet Sampling" [stack: 0x000000a67c500000,0x000000a67c600000] [id=11556]

Threads with active compile tasks:

VM state:not at safepoint (normal execution)

VM Mutex/Monitor currently owned by a thread: None

Heap address: 0x0000000700c00000, size: 4084 MB, Compressed Oops mode: Zero based, Oop shift amount: 3
Narrow klass base: 0x0000000800000000, Narrow klass shift: 0
Compressed class space size: 1073741824 Address: 0x0000000800000000

Heap:
 garbage-first heap   total 262144K, used 15377K [0x0000000700c00000, 0x0000000800000000)
  region size 1024K, 11 young (11264K), 2 survivors (2048K)
 Metaspace       used 15775K, capacity 16168K, committed 16256K, reserved 1062912K
  class space    used 1719K, capacity 1905K, committed 1920K, reserved 1048576K
Heap Regions: E=young(eden), S=young(survivor), O=old, HS=humongous(starts), HC=humongous(continues), CS=collection set, F=free, A=archive, TAMS=top-at-mark-start (previous, next)
|   0|0x0000000700c00000, 0x0000000700d00000, 0x0000000700d00000|100%|HS|  |TAMS 0x0000000700c00000, 0x0000000700c00000| Complete 
|   1|0x0000000700d00000, 0x0000000700e00000, 0x0000000700e00000|100%|HS|  |TAMS 0x0000000700d00000, 0x0000000700d00000| Complete 
|   2|0x0000000700e00000, 0x0000000700f00000, 0x0000000700f00000|100%|HC|  |TAMS 0x0000000700e00000, 0x0000000700e00000| Complete 
|   3|0x0000000700f00000, 0x0000000701000000, 0x0000000701000000|100%| O|  |TAMS 0x0000000700f00000, 0x0000000700f00000| Untracked 
|   4|0x0000000701000000, 0x0000000701004600, 0x0000000701100000|  1%| O|  |TAMS 0x0000000701000000, 0x0000000701000000| Untracked 
|   5|0x0000000701100000, 0x0000000701200000, 0x0000000701200000|100%|HS|  |TAMS 0x0000000701100000, 0x0000000701100000| Complete 
|   6|0x0000000701200000, 0x0000000701200000, 0x0000000701300000|  0%| F|  |TAMS 0x0000000701200000, 0x0000000701200000| Untracked 
|   7|0x0000000701300000, 0x0000000701300000, 0x0000000701400000|  0%| F|  |TAMS 0x0000000701300000, 0x0000000701300000| Untracked 
|   8|0x0000000701400000, 0x0000000701400000, 0x0000000701500000|  0%| F|  |TAMS 0x0000000701400000, 0x0000000701400000| Untracked 
|   9|0x0000000701500000, 0x0000000701500000, 0x0000000701600000|  0%| F|  |TAMS 0x0000000701500000, 0x0000000701500000| Untracked 
|  10|0x0000000701600000, 0x0000000701600000, 0x0000000701700000|  0%| F|  |TAMS 0x0000000701600000, 0x0000000701600000| Untracked 
|  11|0x0000000701700000, 0x0000000701700000, 0x0000000701800000|  0%| F|  |TAMS 0x0000000701700000, 0x0000000701700000| Untracked 
|  12|0x0000000701800000, 0x0000000701800000, 0x0000000701900000|  0%| F|  |TAMS 0x0000000701800000, 0x0000000701800000| Untracked 
|  13|0x0000000701900000, 0x0000000701900000, 0x0000000701a00000|  0%| F|  |TAMS 0x0000000701900000, 0x0000000701900000| Untracked 
|  14|0x0000000701a00000, 0x0000000701a00000, 0x0000000701b00000|  0%| F|  |TAMS 0x0000000701a00000, 0x0000000701a00000| Untracked 
|  15|0x0000000701b00000, 0x0000000701b00000, 0x0000000701c00000|  0%| F|  |TAMS 0x0000000701b00000, 0x0000000701b00000| Untracked 
|  16|0x0000000701c00000, 0x0000000701c00000, 0x0000000701d00000|  0%| F|  |TAMS 0x0000000701c00000, 0x0000000701c00000| Untracked 
|  17|0x0000000701d00000, 0x0000000701d00000, 0x0000000701e00000|  0%| F|  |TAMS 0x0000000701d00000, 0x0000000701d00000| Untracked 
|  18|0x0000000701e00000, 0x0000000701e00000, 0x0000000701f00000|  0%| F|  |TAMS 0x0000000701e00000, 0x0000000701e00000| Untracked 
|  19|0x0000000701f00000, 0x0000000701f00000, 0x0000000702000000|  0%| F|  |TAMS 0x0000000701f00000, 0x0000000701f00000| Untracked 
|  20|0x0000000702000000, 0x0000000702000000, 0x0000000702100000|  0%| F|  |TAMS 0x0000000702000000, 0x0000000702000000| Untracked 
|  21|0x0000000702100000, 0x0000000702100000, 0x0000000702200000|  0%| F|  |TAMS 0x0000000702100000, 0x0000000702100000| Untracked 
|  22|0x0000000702200000, 0x0000000702200000, 0x0000000702300000|  0%| F|  |TAMS 0x0000000702200000, 0x0000000702200000| Untracked 
|  23|0x0000000702300000, 0x0000000702300000, 0x0000000702400000|  0%| F|  |TAMS 0x0000000702300000, 0x0000000702300000| Untracked 
|  24|0x0000000702400000, 0x0000000702400000, 0x0000000702500000|  0%| F|  |TAMS 0x0000000702400000, 0x0000000702400000| Untracked 
|  25|0x0000000702500000, 0x0000000702500000, 0x0000000702600000|  0%| F|  |TAMS 0x0000000702500000, 0x0000000702500000| Untracked 
|  26|0x0000000702600000, 0x0000000702600000, 0x0000000702700000|  0%| F|  |TAMS 0x0000000702600000, 0x0000000702600000| Untracked 
|  27|0x0000000702700000, 0x0000000702700000, 0x0000000702800000|  0%| F|  |TAMS 0x0000000702700000, 0x0000000702700000| Untracked 
|  28|0x0000000702800000, 0x0000000702800000, 0x0000000702900000|  0%| F|  |TAMS 0x0000000702800000, 0x0000000702800000| Untracked 
|  29|0x0000000702900000, 0x0000000702900000, 0x0000000702a00000|  0%| F|  |TAMS 0x0000000702900000, 0x0000000702900000| Untracked 
|  30|0x0000000702a00000, 0x0000000702a00000, 0x0000000702b00000|  0%| F|  |TAMS 0x0000000702a00000, 0x0000000702a00000| Untracked 
|  31|0x0000000702b00000, 0x0000000702b00000, 0x0000000702c00000|  0%| F|  |TAMS 0x0000000702b00000, 0x0000000702b00000| Untracked 
|  32|0x0000000702c00000, 0x0000000702c00000, 0x0000000702d00000|  0%| F|  |TAMS 0x0000000702c00000, 0x0000000702c00000| Untracked 
|  33|0x0000000702d00000, 0x0000000702d00000, 0x0000000702e00000|  0%| F|  |TAMS 0x0000000702d00000, 0x0000000702d00000| Untracked 
|  34|0x0000000702e00000, 0x0000000702e00000, 0x0000000702f00000|  0%| F|  |TAMS 0x0000000702e00000, 0x0000000702e00000| Untracked 
|  35|0x0000000702f00000, 0x0000000702f00000, 0x0000000703000000|  0%| F|  |TAMS 0x0000000702f00000, 0x0000000702f00000| Untracked 
|  36|0x0000000703000000, 0x0000000703000000, 0x0000000703100000|  0%| F|  |TAMS 0x0000000703000000, 0x0000000703000000| Untracked 
|  37|0x0000000703100000, 0x0000000703100000, 0x0000000703200000|  0%| F|  |TAMS 0x0000000703100000, 0x0000000703100000| Untracked 
|  38|0x0000000703200000, 0x0000000703200000, 0x0000000703300000|  0%| F|  |TAMS 0x0000000703200000, 0x0000000703200000| Untracked 
|  39|0x0000000703300000, 0x0000000703300000, 0x0000000703400000|  0%| F|  |TAMS 0x0000000703300000, 0x0000000703300000| Untracked 
|  40|0x0000000703400000, 0x0000000703400000, 0x0000000703500000|  0%| F|  |TAMS 0x0000000703400000, 0x0000000703400000| Untracked 
|  41|0x0000000703500000, 0x0000000703500000, 0x0000000703600000|  0%| F|  |TAMS 0x0000000703500000, 0x0000000703500000| Untracked 
|  42|0x0000000703600000, 0x0000000703600000, 0x0000000703700000|  0%| F|  |TAMS 0x0000000703600000, 0x0000000703600000| Untracked 
|  43|0x0000000703700000, 0x0000000703700000, 0x0000000703800000|  0%| F|  |TAMS 0x0000000703700000, 0x0000000703700000| Untracked 
|  44|0x0000000703800000, 0x0000000703800000, 0x0000000703900000|  0%| F|  |TAMS 0x0000000703800000, 0x0000000703800000| Untracked 
|  45|0x0000000703900000, 0x0000000703900000, 0x0000000703a00000|  0%| F|  |TAMS 0x0000000703900000, 0x0000000703900000| Untracked 
|  46|0x0000000703a00000, 0x0000000703a00000, 0x0000000703b00000|  0%| F|  |TAMS 0x0000000703a00000, 0x0000000703a00000| Untracked 
|  47|0x0000000703b00000, 0x0000000703b00000, 0x0000000703c00000|  0%| F|  |TAMS 0x0000000703b00000, 0x0000000703b00000| Untracked 
|  48|0x0000000703c00000, 0x0000000703c00000, 0x0000000703d00000|  0%| F|  |TAMS 0x0000000703c00000, 0x0000000703c00000| Untracked 
|  49|0x0000000703d00000, 0x0000000703d00000, 0x0000000703e00000|  0%| F|  |TAMS 0x0000000703d00000, 0x0000000703d00000| Untracked 
|  50|0x0000000703e00000, 0x0000000703e00000, 0x0000000703f00000|  0%| F|  |TAMS 0x0000000703e00000, 0x0000000703e00000| Untracked 
|  51|0x0000000703f00000, 0x0000000703f00000, 0x0000000704000000|  0%| F|  |TAMS 0x0000000703f00000, 0x0000000703f00000| Untracked 
|  52|0x0000000704000000, 0x0000000704000000, 0x0000000704100000|  0%| F|  |TAMS 0x0000000704000000, 0x0000000704000000| Untracked 
|  53|0x0000000704100000, 0x0000000704100000, 0x0000000704200000|  0%| F|  |TAMS 0x0000000704100000, 0x0000000704100000| Untracked 
|  54|0x0000000704200000, 0x0000000704200000, 0x0000000704300000|  0%| F|  |TAMS 0x0000000704200000, 0x0000000704200000| Untracked 
|  55|0x0000000704300000, 0x0000000704300000, 0x0000000704400000|  0%| F|  |TAMS 0x0000000704300000, 0x0000000704300000| Untracked 
|  56|0x0000000704400000, 0x0000000704400000, 0x0000000704500000|  0%| F|  |TAMS 0x0000000704400000, 0x0000000704400000| Untracked 
|  57|0x0000000704500000, 0x0000000704500000, 0x0000000704600000|  0%| F|  |TAMS 0x0000000704500000, 0x0000000704500000| Untracked 
|  58|0x0000000704600000, 0x0000000704600000, 0x0000000704700000|  0%| F|  |TAMS 0x0000000704600000, 0x0000000704600000| Untracked 
|  59|0x0000000704700000, 0x0000000704700000, 0x0000000704800000|  0%| F|  |TAMS 0x0000000704700000, 0x0000000704700000| Untracked 
|  60|0x0000000704800000, 0x0000000704800000, 0x0000000704900000|  0%| F|  |TAMS 0x0000000704800000, 0x0000000704800000| Untracked 
|  61|0x0000000704900000, 0x0000000704900000, 0x0000000704a00000|  0%| F|  |TAMS 0x0000000704900000, 0x0000000704900000| Untracked 
|  62|0x0000000704a00000, 0x0000000704a00000, 0x0000000704b00000|  0%| F|  |TAMS 0x0000000704a00000, 0x0000000704a00000| Untracked 
|  63|0x0000000704b00000, 0x0000000704b00000, 0x0000000704c00000|  0%| F|  |TAMS 0x0000000704b00000, 0x0000000704b00000| Untracked 
|  64|0x0000000704c00000, 0x0000000704c00000, 0x0000000704d00000|  0%| F|  |TAMS 0x0000000704c00000, 0x0000000704c00000| Untracked 
|  65|0x0000000704d00000, 0x0000000704d00000, 0x0000000704e00000|  0%| F|  |TAMS 0x0000000704d00000, 0x0000000704d00000| Untracked 
|  66|0x0000000704e00000, 0x0000000704e00000, 0x0000000704f00000|  0%| F|  |TAMS 0x0000000704e00000, 0x0000000704e00000| Untracked 
|  67|0x0000000704f00000, 0x0000000704f00000, 0x0000000705000000|  0%| F|  |TAMS 0x0000000704f00000, 0x0000000704f00000| Untracked 
|  68|0x0000000705000000, 0x0000000705000000, 0x0000000705100000|  0%| F|  |TAMS 0x0000000705000000, 0x0000000705000000| Untracked 
|  69|0x0000000705100000, 0x0000000705100000, 0x0000000705200000|  0%| F|  |TAMS 0x0000000705100000, 0x0000000705100000| Untracked 
|  70|0x0000000705200000, 0x0000000705200000, 0x0000000705300000|  0%| F|  |TAMS 0x0000000705200000, 0x0000000705200000| Untracked 
|  71|0x0000000705300000, 0x0000000705300000, 0x0000000705400000|  0%| F|  |TAMS 0x0000000705300000, 0x0000000705300000| Untracked 
|  72|0x0000000705400000, 0x0000000705400000, 0x0000000705500000|  0%| F|  |TAMS 0x0000000705400000, 0x0000000705400000| Untracked 
|  73|0x0000000705500000, 0x0000000705500000, 0x0000000705600000|  0%| F|  |TAMS 0x0000000705500000, 0x0000000705500000| Untracked 
|  74|0x0000000705600000, 0x0000000705600000, 0x0000000705700000|  0%| F|  |TAMS 0x0000000705600000, 0x0000000705600000| Untracked 
|  75|0x0000000705700000, 0x0000000705700000, 0x0000000705800000|  0%| F|  |TAMS 0x0000000705700000, 0x0000000705700000| Untracked 
|  76|0x0000000705800000, 0x0000000705800000, 0x0000000705900000|  0%| F|  |TAMS 0x0000000705800000, 0x0000000705800000| Untracked 
|  77|0x0000000705900000, 0x0000000705900000, 0x0000000705a00000|  0%| F|  |TAMS 0x0000000705900000, 0x0000000705900000| Untracked 
|  78|0x0000000705a00000, 0x0000000705a00000, 0x0000000705b00000|  0%| F|  |TAMS 0x0000000705a00000, 0x0000000705a00000| Untracked 
|  79|0x0000000705b00000, 0x0000000705b00000, 0x0000000705c00000|  0%| F|  |TAMS 0x0000000705b00000, 0x0000000705b00000| Untracked 
|  80|0x0000000705c00000, 0x0000000705c00000, 0x0000000705d00000|  0%| F|  |TAMS 0x0000000705c00000, 0x0000000705c00000| Untracked 
|  81|0x0000000705d00000, 0x0000000705d00000, 0x0000000705e00000|  0%| F|  |TAMS 0x0000000705d00000, 0x0000000705d00000| Untracked 
|  82|0x0000000705e00000, 0x0000000705e00000, 0x0000000705f00000|  0%| F|  |TAMS 0x0000000705e00000, 0x0000000705e00000| Untracked 
|  83|0x0000000705f00000, 0x0000000705f00000, 0x0000000706000000|  0%| F|  |TAMS 0x0000000705f00000, 0x0000000705f00000| Untracked 
|  84|0x0000000706000000, 0x0000000706000000, 0x0000000706100000|  0%| F|  |TAMS 0x0000000706000000, 0x0000000706000000| Untracked 
|  85|0x0000000706100000, 0x0000000706100000, 0x0000000706200000|  0%| F|  |TAMS 0x0000000706100000, 0x0000000706100000| Untracked 
|  86|0x0000000706200000, 0x0000000706200000, 0x0000000706300000|  0%| F|  |TAMS 0x0000000706200000, 0x0000000706200000| Untracked 
|  87|0x0000000706300000, 0x0000000706300000, 0x0000000706400000|  0%| F|  |TAMS 0x0000000706300000, 0x0000000706300000| Untracked 
|  88|0x0000000706400000, 0x0000000706400000, 0x0000000706500000|  0%| F|  |TAMS 0x0000000706400000, 0x0000000706400000| Untracked 
|  89|0x0000000706500000, 0x0000000706500000, 0x0000000706600000|  0%| F|  |TAMS 0x0000000706500000, 0x0000000706500000| Untracked 
|  90|0x0000000706600000, 0x0000000706600000, 0x0000000706700000|  0%| F|  |TAMS 0x0000000706600000, 0x0000000706600000| Untracked 
|  91|0x0000000706700000, 0x0000000706700000, 0x0000000706800000|  0%| F|  |TAMS 0x0000000706700000, 0x0000000706700000| Untracked 
|  92|0x0000000706800000, 0x0000000706800000, 0x0000000706900000|  0%| F|  |TAMS 0x0000000706800000, 0x0000000706800000| Untracked 
|  93|0x0000000706900000, 0x0000000706900000, 0x0000000706a00000|  0%| F|  |TAMS 0x0000000706900000, 0x0000000706900000| Untracked 
|  94|0x0000000706a00000, 0x0000000706a00000, 0x0000000706b00000|  0%| F|  |TAMS 0x0000000706a00000, 0x0000000706a00000| Untracked 
|  95|0x0000000706b00000, 0x0000000706b00000, 0x0000000706c00000|  0%| F|  |TAMS 0x0000000706b00000, 0x0000000706b00000| Untracked 
|  96|0x0000000706c00000, 0x0000000706c00000, 0x0000000706d00000|  0%| F|  |TAMS 0x0000000706c00000, 0x0000000706c00000| Untracked 
|  97|0x0000000706d00000, 0x0000000706d00000, 0x0000000706e00000|  0%| F|  |TAMS 0x0000000706d00000, 0x0000000706d00000| Untracked 
|  98|0x0000000706e00000, 0x0000000706e00000, 0x0000000706f00000|  0%| F|  |TAMS 0x0000000706e00000, 0x0000000706e00000| Untracked 
|  99|0x0000000706f00000, 0x0000000706f00000, 0x0000000707000000|  0%| F|  |TAMS 0x0000000706f00000, 0x0000000706f00000| Untracked 
| 100|0x0000000707000000, 0x0000000707000000, 0x0000000707100000|  0%| F|  |TAMS 0x0000000707000000, 0x0000000707000000| Untracked 
| 101|0x0000000707100000, 0x0000000707100000, 0x0000000707200000|  0%| F|  |TAMS 0x0000000707100000, 0x0000000707100000| Untracked 
| 102|0x0000000707200000, 0x0000000707200000, 0x0000000707300000|  0%| F|  |TAMS 0x0000000707200000, 0x0000000707200000| Untracked 
| 103|0x0000000707300000, 0x0000000707300000, 0x0000000707400000|  0%| F|  |TAMS 0x0000000707300000, 0x0000000707300000| Untracked 
| 104|0x0000000707400000, 0x0000000707400000, 0x0000000707500000|  0%| F|  |TAMS 0x0000000707400000, 0x0000000707400000| Untracked 
| 105|0x0000000707500000, 0x0000000707500000, 0x0000000707600000|  0%| F|  |TAMS 0x0000000707500000, 0x0000000707500000| Untracked 
| 106|0x0000000707600000, 0x0000000707600000, 0x0000000707700000|  0%| F|  |TAMS 0x0000000707600000, 0x0000000707600000| Untracked 
| 107|0x0000000707700000, 0x0000000707700000, 0x0000000707800000|  0%| F|  |TAMS 0x0000000707700000, 0x0000000707700000| Untracked 
| 108|0x0000000707800000, 0x0000000707800000, 0x0000000707900000|  0%| F|  |TAMS 0x0000000707800000, 0x0000000707800000| Untracked 
| 109|0x0000000707900000, 0x0000000707900000, 0x0000000707a00000|  0%| F|  |TAMS 0x0000000707900000, 0x0000000707900000| Untracked 
| 110|0x0000000707a00000, 0x0000000707a00000, 0x0000000707b00000|  0%| F|  |TAMS 0x0000000707a00000, 0x0000000707a00000| Untracked 
| 111|0x0000000707b00000, 0x0000000707b00000, 0x0000000707c00000|  0%| F|  |TAMS 0x0000000707b00000, 0x0000000707b00000| Untracked 
| 112|0x0000000707c00000, 0x0000000707c00000, 0x0000000707d00000|  0%| F|  |TAMS 0x0000000707c00000, 0x0000000707c00000| Untracked 
| 113|0x0000000707d00000, 0x0000000707d00000, 0x0000000707e00000|  0%| F|  |TAMS 0x0000000707d00000, 0x0000000707d00000| Untracked 
| 114|0x0000000707e00000, 0x0000000707e00000, 0x0000000707f00000|  0%| F|  |TAMS 0x0000000707e00000, 0x0000000707e00000| Untracked 
| 115|0x0000000707f00000, 0x0000000707f00000, 0x0000000708000000|  0%| F|  |TAMS 0x0000000707f00000, 0x0000000707f00000| Untracked 
| 116|0x0000000708000000, 0x0000000708000000, 0x0000000708100000|  0%| F|  |TAMS 0x0000000708000000, 0x0000000708000000| Untracked 
| 117|0x0000000708100000, 0x0000000708100000, 0x0000000708200000|  0%| F|  |TAMS 0x0000000708100000, 0x0000000708100000| Untracked 
| 118|0x0000000708200000, 0x0000000708200000, 0x0000000708300000|  0%| F|  |TAMS 0x0000000708200000, 0x0000000708200000| Untracked 
| 119|0x0000000708300000, 0x0000000708300000, 0x0000000708400000|  0%| F|  |TAMS 0x0000000708300000, 0x0000000708300000| Untracked 
| 120|0x0000000708400000, 0x0000000708400000, 0x0000000708500000|  0%| F|  |TAMS 0x0000000708400000, 0x0000000708400000| Untracked 
| 121|0x0000000708500000, 0x0000000708500000, 0x0000000708600000|  0%| F|  |TAMS 0x0000000708500000, 0x0000000708500000| Untracked 
| 122|0x0000000708600000, 0x0000000708600000, 0x0000000708700000|  0%| F|  |TAMS 0x0000000708600000, 0x0000000708600000| Untracked 
| 123|0x0000000708700000, 0x0000000708700000, 0x0000000708800000|  0%| F|  |TAMS 0x0000000708700000, 0x0000000708700000| Untracked 
| 124|0x0000000708800000, 0x0000000708800000, 0x0000000708900000|  0%| F|  |TAMS 0x0000000708800000, 0x0000000708800000| Untracked 
| 125|0x0000000708900000, 0x0000000708900000, 0x0000000708a00000|  0%| F|  |TAMS 0x0000000708900000, 0x0000000708900000| Untracked 
| 126|0x0000000708a00000, 0x0000000708a00000, 0x0000000708b00000|  0%| F|  |TAMS 0x0000000708a00000, 0x0000000708a00000| Untracked 
| 127|0x0000000708b00000, 0x0000000708b00000, 0x0000000708c00000|  0%| F|  |TAMS 0x0000000708b00000, 0x0000000708b00000| Untracked 
| 128|0x0000000708c00000, 0x0000000708c00000, 0x0000000708d00000|  0%| F|  |TAMS 0x0000000708c00000, 0x0000000708c00000| Untracked 
| 129|0x0000000708d00000, 0x0000000708d00000, 0x0000000708e00000|  0%| F|  |TAMS 0x0000000708d00000, 0x0000000708d00000| Untracked 
| 130|0x0000000708e00000, 0x0000000708e00000, 0x0000000708f00000|  0%| F|  |TAMS 0x0000000708e00000, 0x0000000708e00000| Untracked 
| 131|0x0000000708f00000, 0x0000000708f00000, 0x0000000709000000|  0%| F|  |TAMS 0x0000000708f00000, 0x0000000708f00000| Untracked 
| 132|0x0000000709000000, 0x0000000709000000, 0x0000000709100000|  0%| F|  |TAMS 0x0000000709000000, 0x0000000709000000| Untracked 
| 133|0x0000000709100000, 0x0000000709100000, 0x0000000709200000|  0%| F|  |TAMS 0x0000000709100000, 0x0000000709100000| Untracked 
| 134|0x0000000709200000, 0x0000000709200000, 0x0000000709300000|  0%| F|  |TAMS 0x0000000709200000, 0x0000000709200000| Untracked 
| 135|0x0000000709300000, 0x0000000709300000, 0x0000000709400000|  0%| F|  |TAMS 0x0000000709300000, 0x0000000709300000| Untracked 
| 136|0x0000000709400000, 0x0000000709400000, 0x0000000709500000|  0%| F|  |TAMS 0x0000000709400000, 0x0000000709400000| Untracked 
| 137|0x0000000709500000, 0x0000000709500000, 0x0000000709600000|  0%| F|  |TAMS 0x0000000709500000, 0x0000000709500000| Untracked 
| 138|0x0000000709600000, 0x0000000709600000, 0x0000000709700000|  0%| F|  |TAMS 0x0000000709600000, 0x0000000709600000| Untracked 
| 139|0x0000000709700000, 0x0000000709700000, 0x0000000709800000|  0%| F|  |TAMS 0x0000000709700000, 0x0000000709700000| Untracked 
| 140|0x0000000709800000, 0x0000000709800000, 0x0000000709900000|  0%| F|  |TAMS 0x0000000709800000, 0x0000000709800000| Untracked 
| 141|0x0000000709900000, 0x0000000709900000, 0x0000000709a00000|  0%| F|  |TAMS 0x0000000709900000, 0x0000000709900000| Untracked 
| 142|0x0000000709a00000, 0x0000000709a00000, 0x0000000709b00000|  0%| F|  |TAMS 0x0000000709a00000, 0x0000000709a00000| Untracked 
| 143|0x0000000709b00000, 0x0000000709b00000, 0x0000000709c00000|  0%| F|  |TAMS 0x0000000709b00000, 0x0000000709b00000| Untracked 
| 144|0x0000000709c00000, 0x0000000709c00000, 0x0000000709d00000|  0%| F|  |TAMS 0x0000000709c00000, 0x0000000709c00000| Untracked 
| 145|0x0000000709d00000, 0x0000000709d00000, 0x0000000709e00000|  0%| F|  |TAMS 0x0000000709d00000, 0x0000000709d00000| Untracked 
| 146|0x0000000709e00000, 0x0000000709e00000, 0x0000000709f00000|  0%| F|  |TAMS 0x0000000709e00000, 0x0000000709e00000| Untracked 
| 147|0x0000000709f00000, 0x0000000709f00000, 0x000000070a000000|  0%| F|  |TAMS 0x0000000709f00000, 0x0000000709f00000| Untracked 
| 148|0x000000070a000000, 0x000000070a000000, 0x000000070a100000|  0%| F|  |TAMS 0x000000070a000000, 0x000000070a000000| Untracked 
| 149|0x000000070a100000, 0x000000070a100000, 0x000000070a200000|  0%| F|  |TAMS 0x000000070a100000, 0x000000070a100000| Untracked 
| 150|0x000000070a200000, 0x000000070a200000, 0x000000070a300000|  0%| F|  |TAMS 0x000000070a200000, 0x000000070a200000| Untracked 
| 151|0x000000070a300000, 0x000000070a300000, 0x000000070a400000|  0%| F|  |TAMS 0x000000070a300000, 0x000000070a300000| Untracked 
| 152|0x000000070a400000, 0x000000070a400000, 0x000000070a500000|  0%| F|  |TAMS 0x000000070a400000, 0x000000070a400000| Untracked 
| 153|0x000000070a500000, 0x000000070a500000, 0x000000070a600000|  0%| F|  |TAMS 0x000000070a500000, 0x000000070a500000| Untracked 
| 154|0x000000070a600000, 0x000000070a600000, 0x000000070a700000|  0%| F|  |TAMS 0x000000070a600000, 0x000000070a600000| Untracked 
| 155|0x000000070a700000, 0x000000070a700000, 0x000000070a800000|  0%| F|  |TAMS 0x000000070a700000, 0x000000070a700000| Untracked 
| 156|0x000000070a800000, 0x000000070a800000, 0x000000070a900000|  0%| F|  |TAMS 0x000000070a800000, 0x000000070a800000| Untracked 
| 157|0x000000070a900000, 0x000000070a900000, 0x000000070aa00000|  0%| F|  |TAMS 0x000000070a900000, 0x000000070a900000| Untracked 
| 158|0x000000070aa00000, 0x000000070aa00000, 0x000000070ab00000|  0%| F|  |TAMS 0x000000070aa00000, 0x000000070aa00000| Untracked 
| 159|0x000000070ab00000, 0x000000070ab00000, 0x000000070ac00000|  0%| F|  |TAMS 0x000000070ab00000, 0x000000070ab00000| Untracked 
| 160|0x000000070ac00000, 0x000000070ac00000, 0x000000070ad00000|  0%| F|  |TAMS 0x000000070ac00000, 0x000000070ac00000| Untracked 
| 161|0x000000070ad00000, 0x000000070ad00000, 0x000000070ae00000|  0%| F|  |TAMS 0x000000070ad00000, 0x000000070ad00000| Untracked 
| 162|0x000000070ae00000, 0x000000070ae00000, 0x000000070af00000|  0%| F|  |TAMS 0x000000070ae00000, 0x000000070ae00000| Untracked 
| 163|0x000000070af00000, 0x000000070af00000, 0x000000070b000000|  0%| F|  |TAMS 0x000000070af00000, 0x000000070af00000| Untracked 
| 164|0x000000070b000000, 0x000000070b000000, 0x000000070b100000|  0%| F|  |TAMS 0x000000070b000000, 0x000000070b000000| Untracked 
| 165|0x000000070b100000, 0x000000070b100000, 0x000000070b200000|  0%| F|  |TAMS 0x000000070b100000, 0x000000070b100000| Untracked 
| 166|0x000000070b200000, 0x000000070b200000, 0x000000070b300000|  0%| F|  |TAMS 0x000000070b200000, 0x000000070b200000| Untracked 
| 167|0x000000070b300000, 0x000000070b300000, 0x000000070b400000|  0%| F|  |TAMS 0x000000070b300000, 0x000000070b300000| Untracked 
| 168|0x000000070b400000, 0x000000070b400000, 0x000000070b500000|  0%| F|  |TAMS 0x000000070b400000, 0x000000070b400000| Untracked 
| 169|0x000000070b500000, 0x000000070b500000, 0x000000070b600000|  0%| F|  |TAMS 0x000000070b500000, 0x000000070b500000| Untracked 
| 170|0x000000070b600000, 0x000000070b600000, 0x000000070b700000|  0%| F|  |TAMS 0x000000070b600000, 0x000000070b600000| Untracked 
| 171|0x000000070b700000, 0x000000070b700000, 0x000000070b800000|  0%| F|  |TAMS 0x000000070b700000, 0x000000070b700000| Untracked 
| 172|0x000000070b800000, 0x000000070b800000, 0x000000070b900000|  0%| F|  |TAMS 0x000000070b800000, 0x000000070b800000| Untracked 
| 173|0x000000070b900000, 0x000000070b900000, 0x000000070ba00000|  0%| F|  |TAMS 0x000000070b900000, 0x000000070b900000| Untracked 
| 174|0x000000070ba00000, 0x000000070ba00000, 0x000000070bb00000|  0%| F|  |TAMS 0x000000070ba00000, 0x000000070ba00000| Untracked 
| 175|0x000000070bb00000, 0x000000070bb00000, 0x000000070bc00000|  0%| F|  |TAMS 0x000000070bb00000, 0x000000070bb00000| Untracked 
| 176|0x000000070bc00000, 0x000000070bc00000, 0x000000070bd00000|  0%| F|  |TAMS 0x000000070bc00000, 0x000000070bc00000| Untracked 
| 177|0x000000070bd00000, 0x000000070bd00000, 0x000000070be00000|  0%| F|  |TAMS 0x000000070bd00000, 0x000000070bd00000| Untracked 
| 178|0x000000070be00000, 0x000000070be00000, 0x000000070bf00000|  0%| F|  |TAMS 0x000000070be00000, 0x000000070be00000| Untracked 
| 179|0x000000070bf00000, 0x000000070bf00000, 0x000000070c000000|  0%| F|  |TAMS 0x000000070bf00000, 0x000000070bf00000| Untracked 
| 180|0x000000070c000000, 0x000000070c000000, 0x000000070c100000|  0%| F|  |TAMS 0x000000070c000000, 0x000000070c000000| Untracked 
| 181|0x000000070c100000, 0x000000070c100000, 0x000000070c200000|  0%| F|  |TAMS 0x000000070c100000, 0x000000070c100000| Untracked 
| 182|0x000000070c200000, 0x000000070c200000, 0x000000070c300000|  0%| F|  |TAMS 0x000000070c200000, 0x000000070c200000| Untracked 
| 183|0x000000070c300000, 0x000000070c300000, 0x000000070c400000|  0%| F|  |TAMS 0x000000070c300000, 0x000000070c300000| Untracked 
| 184|0x000000070c400000, 0x000000070c400000, 0x000000070c500000|  0%| F|  |TAMS 0x000000070c400000, 0x000000070c400000| Untracked 
| 185|0x000000070c500000, 0x000000070c500000, 0x000000070c600000|  0%| F|  |TAMS 0x000000070c500000, 0x000000070c500000| Untracked 
| 186|0x000000070c600000, 0x000000070c600000, 0x000000070c700000|  0%| F|  |TAMS 0x000000070c600000, 0x000000070c600000| Untracked 
| 187|0x000000070c700000, 0x000000070c700000, 0x000000070c800000|  0%| F|  |TAMS 0x000000070c700000, 0x000000070c700000| Untracked 
| 188|0x000000070c800000, 0x000000070c800000, 0x000000070c900000|  0%| F|  |TAMS 0x000000070c800000, 0x000000070c800000| Untracked 
| 189|0x000000070c900000, 0x000000070c900000, 0x000000070ca00000|  0%| F|  |TAMS 0x000000070c900000, 0x000000070c900000| Untracked 
| 190|0x000000070ca00000, 0x000000070ca00000, 0x000000070cb00000|  0%| F|  |TAMS 0x000000070ca00000, 0x000000070ca00000| Untracked 
| 191|0x000000070cb00000, 0x000000070cb00000, 0x000000070cc00000|  0%| F|  |TAMS 0x000000070cb00000, 0x000000070cb00000| Untracked 
| 192|0x000000070cc00000, 0x000000070cc00000, 0x000000070cd00000|  0%| F|  |TAMS 0x000000070cc00000, 0x000000070cc00000| Untracked 
| 193|0x000000070cd00000, 0x000000070cd00000, 0x000000070ce00000|  0%| F|  |TAMS 0x000000070cd00000, 0x000000070cd00000| Untracked 
| 194|0x000000070ce00000, 0x000000070ce00000, 0x000000070cf00000|  0%| F|  |TAMS 0x000000070ce00000, 0x000000070ce00000| Untracked 
| 195|0x000000070cf00000, 0x000000070cf00000, 0x000000070d000000|  0%| F|  |TAMS 0x000000070cf00000, 0x000000070cf00000| Untracked 
| 196|0x000000070d000000, 0x000000070d000000, 0x000000070d100000|  0%| F|  |TAMS 0x000000070d000000, 0x000000070d000000| Untracked 
| 197|0x000000070d100000, 0x000000070d100000, 0x000000070d200000|  0%| F|  |TAMS 0x000000070d100000, 0x000000070d100000| Untracked 
| 198|0x000000070d200000, 0x000000070d200000, 0x000000070d300000|  0%| F|  |TAMS 0x000000070d200000, 0x000000070d200000| Untracked 
| 199|0x000000070d300000, 0x000000070d300000, 0x000000070d400000|  0%| F|  |TAMS 0x000000070d300000, 0x000000070d300000| Untracked 
| 200|0x000000070d400000, 0x000000070d400000, 0x000000070d500000|  0%| F|  |TAMS 0x000000070d400000, 0x000000070d400000| Untracked 
| 201|0x000000070d500000, 0x000000070d500000, 0x000000070d600000|  0%| F|  |TAMS 0x000000070d500000, 0x000000070d500000| Untracked 
| 202|0x000000070d600000, 0x000000070d600000, 0x000000070d700000|  0%| F|  |TAMS 0x000000070d600000, 0x000000070d600000| Untracked 
| 203|0x000000070d700000, 0x000000070d700000, 0x000000070d800000|  0%| F|  |TAMS 0x000000070d700000, 0x000000070d700000| Untracked 
| 204|0x000000070d800000, 0x000000070d800000, 0x000000070d900000|  0%| F|  |TAMS 0x000000070d800000, 0x000000070d800000| Untracked 
| 205|0x000000070d900000, 0x000000070d900000, 0x000000070da00000|  0%| F|  |TAMS 0x000000070d900000, 0x000000070d900000| Untracked 
| 206|0x000000070da00000, 0x000000070da00000, 0x000000070db00000|  0%| F|  |TAMS 0x000000070da00000, 0x000000070da00000| Untracked 
| 207|0x000000070db00000, 0x000000070db00000, 0x000000070dc00000|  0%| F|  |TAMS 0x000000070db00000, 0x000000070db00000| Untracked 
| 208|0x000000070dc00000, 0x000000070dc00000, 0x000000070dd00000|  0%| F|  |TAMS 0x000000070dc00000, 0x000000070dc00000| Untracked 
| 209|0x000000070dd00000, 0x000000070dd00000, 0x000000070de00000|  0%| F|  |TAMS 0x000000070dd00000, 0x000000070dd00000| Untracked 
| 210|0x000000070de00000, 0x000000070de00000, 0x000000070df00000|  0%| F|  |TAMS 0x000000070de00000, 0x000000070de00000| Untracked 
| 211|0x000000070df00000, 0x000000070df00000, 0x000000070e000000|  0%| F|  |TAMS 0x000000070df00000, 0x000000070df00000| Untracked 
| 212|0x000000070e000000, 0x000000070e000000, 0x000000070e100000|  0%| F|  |TAMS 0x000000070e000000, 0x000000070e000000| Untracked 
| 213|0x000000070e100000, 0x000000070e100000, 0x000000070e200000|  0%| F|  |TAMS 0x000000070e100000, 0x000000070e100000| Untracked 
| 214|0x000000070e200000, 0x000000070e200000, 0x000000070e300000|  0%| F|  |TAMS 0x000000070e200000, 0x000000070e200000| Untracked 
| 215|0x000000070e300000, 0x000000070e300000, 0x000000070e400000|  0%| F|  |TAMS 0x000000070e300000, 0x000000070e300000| Untracked 
| 216|0x000000070e400000, 0x000000070e400000, 0x000000070e500000|  0%| F|  |TAMS 0x000000070e400000, 0x000000070e400000| Untracked 
| 217|0x000000070e500000, 0x000000070e500000, 0x000000070e600000|  0%| F|  |TAMS 0x000000070e500000, 0x000000070e500000| Untracked 
| 218|0x000000070e600000, 0x000000070e600000, 0x000000070e700000|  0%| F|  |TAMS 0x000000070e600000, 0x000000070e600000| Untracked 
| 219|0x000000070e700000, 0x000000070e700000, 0x000000070e800000|  0%| F|  |TAMS 0x000000070e700000, 0x000000070e700000| Untracked 
| 220|0x000000070e800000, 0x000000070e800000, 0x000000070e900000|  0%| F|  |TAMS 0x000000070e800000, 0x000000070e800000| Untracked 
| 221|0x000000070e900000, 0x000000070e900000, 0x000000070ea00000|  0%| F|  |TAMS 0x000000070e900000, 0x000000070e900000| Untracked 
| 222|0x000000070ea00000, 0x000000070ea00000, 0x000000070eb00000|  0%| F|  |TAMS 0x000000070ea00000, 0x000000070ea00000| Untracked 
| 223|0x000000070eb00000, 0x000000070eb00000, 0x000000070ec00000|  0%| F|  |TAMS 0x000000070eb00000, 0x000000070eb00000| Untracked 
| 224|0x000000070ec00000, 0x000000070ec00000, 0x000000070ed00000|  0%| F|  |TAMS 0x000000070ec00000, 0x000000070ec00000| Untracked 
| 225|0x000000070ed00000, 0x000000070ed00000, 0x000000070ee00000|  0%| F|  |TAMS 0x000000070ed00000, 0x000000070ed00000| Untracked 
| 226|0x000000070ee00000, 0x000000070ee00000, 0x000000070ef00000|  0%| F|  |TAMS 0x000000070ee00000, 0x000000070ee00000| Untracked 
| 227|0x000000070ef00000, 0x000000070ef00000, 0x000000070f000000|  0%| F|  |TAMS 0x000000070ef00000, 0x000000070ef00000| Untracked 
| 228|0x000000070f000000, 0x000000070f000000, 0x000000070f100000|  0%| F|  |TAMS 0x000000070f000000, 0x000000070f000000| Untracked 
| 229|0x000000070f100000, 0x000000070f100000, 0x000000070f200000|  0%| F|  |TAMS 0x000000070f100000, 0x000000070f100000| Untracked 
| 230|0x000000070f200000, 0x000000070f200000, 0x000000070f300000|  0%| F|  |TAMS 0x000000070f200000, 0x000000070f200000| Untracked 
| 231|0x000000070f300000, 0x000000070f300000, 0x000000070f400000|  0%| F|  |TAMS 0x000000070f300000, 0x000000070f300000| Untracked 
| 232|0x000000070f400000, 0x000000070f400000, 0x000000070f500000|  0%| F|  |TAMS 0x000000070f400000, 0x000000070f400000| Untracked 
| 233|0x000000070f500000, 0x000000070f500000, 0x000000070f600000|  0%| F|  |TAMS 0x000000070f500000, 0x000000070f500000| Untracked 
| 234|0x000000070f600000, 0x000000070f600000, 0x000000070f700000|  0%| F|  |TAMS 0x000000070f600000, 0x000000070f600000| Untracked 
| 235|0x000000070f700000, 0x000000070f700000, 0x000000070f800000|  0%| F|  |TAMS 0x000000070f700000, 0x000000070f700000| Untracked 
| 236|0x000000070f800000, 0x000000070f800000, 0x000000070f900000|  0%| F|  |TAMS 0x000000070f800000, 0x000000070f800000| Untracked 
| 237|0x000000070f900000, 0x000000070f900000, 0x000000070fa00000|  0%| F|  |TAMS 0x000000070f900000, 0x000000070f900000| Untracked 
| 238|0x000000070fa00000, 0x000000070fa00000, 0x000000070fb00000|  0%| F|  |TAMS 0x000000070fa00000, 0x000000070fa00000| Untracked 
| 239|0x000000070fb00000, 0x000000070fb00000, 0x000000070fc00000|  0%| F|  |TAMS 0x000000070fb00000, 0x000000070fb00000| Untracked 
| 240|0x000000070fc00000, 0x000000070fd00000, 0x000000070fd00000|100%| S|CS|TAMS 0x000000070fc00000, 0x000000070fc00000| Complete 
| 241|0x000000070fd00000, 0x000000070fe00000, 0x000000070fe00000|100%| S|CS|TAMS 0x000000070fd00000, 0x000000070fd00000| Complete 
| 242|0x000000070fe00000, 0x000000070fe00000, 0x000000070ff00000|  0%| F|  |TAMS 0x000000070fe00000, 0x000000070fe00000| Untracked 
| 243|0x000000070ff00000, 0x000000070ff00000, 0x0000000710000000|  0%| F|  |TAMS 0x000000070ff00000, 0x000000070ff00000| Untracked 
| 244|0x0000000710000000, 0x0000000710000000, 0x0000000710100000|  0%| F|  |TAMS 0x0000000710000000, 0x0000000710000000| Untracked 
| 245|0x0000000710100000, 0x0000000710100000, 0x0000000710200000|  0%| F|  |TAMS 0x0000000710100000, 0x0000000710100000| Untracked 
| 246|0x0000000710200000, 0x0000000710200000, 0x0000000710300000|  0%| F|  |TAMS 0x0000000710200000, 0x0000000710200000| Untracked 
| 247|0x0000000710300000, 0x0000000710380800, 0x0000000710400000| 50%| E|  |TAMS 0x0000000710300000, 0x0000000710300000| Complete 
| 248|0x0000000710400000, 0x0000000710500000, 0x0000000710500000|100%| E|CS|TAMS 0x0000000710400000, 0x0000000710400000| Complete 
| 249|0x0000000710500000, 0x0000000710600000, 0x0000000710600000|100%| E|CS|TAMS 0x0000000710500000, 0x0000000710500000| Complete 
| 250|0x0000000710600000, 0x0000000710700000, 0x0000000710700000|100%| E|CS|TAMS 0x0000000710600000, 0x0000000710600000| Complete 
| 251|0x0000000710700000, 0x0000000710800000, 0x0000000710800000|100%| E|CS|TAMS 0x0000000710700000, 0x0000000710700000| Complete 
| 252|0x0000000710800000, 0x0000000710900000, 0x0000000710900000|100%| E|CS|TAMS 0x0000000710800000, 0x0000000710800000| Complete 
| 253|0x0000000710900000, 0x0000000710a00000, 0x0000000710a00000|100%| E|CS|TAMS 0x0000000710900000, 0x0000000710900000| Complete 
| 254|0x0000000710a00000, 0x0000000710b00000, 0x0000000710b00000|100%| E|CS|TAMS 0x0000000710a00000, 0x0000000710a00000| Complete 
| 255|0x0000000710b00000, 0x0000000710c00000, 0x0000000710c00000|100%| E|CS|TAMS 0x0000000710b00000, 0x0000000710b00000| Complete 

Card table byte_map: [0x0000020feb130000,0x0000020feb930000] _byte_map_base: 0x0000020fe792a000

Marking Bits (Prev, Next): (CMBitMap*) 0x0000020fd1868108, (CMBitMap*) 0x0000020fd1868140
 Prev Bits: [0x0000020fec130000, 0x0000020ff0100000)
 Next Bits: [0x0000020ff0100000, 0x0000020ff40d0000)

Polling page: 0x0000020fd16d0000

Metaspace:

Usage:
  Non-class:     13.93 MB capacity,    13.73 MB ( 99%) used,   163.70 KB (  1%) free+waste,    43.19 KB ( <1%) overhead. 
      Class:      1.86 MB capacity,     1.68 MB ( 90%) used,   162.33 KB (  9%) free+waste,    23.13 KB (  1%) overhead. 
       Both:     15.79 MB capacity,    15.41 MB ( 98%) used,   326.03 KB (  2%) free+waste,    66.31 KB ( <1%) overhead. 

Virtual space:
  Non-class space:       14.00 MB reserved,      14.00 MB (100%) committed 
      Class space:        1.00 GB reserved,       1.88 MB ( <1%) committed 
             Both:        1.01 GB reserved,      15.88 MB (  2%) committed 

Chunk freelists:
   Non-Class:  1.13 KB
       Class:  1.88 KB
        Both:  3.00 KB

CodeHeap 'non-profiled nmethods': size=120064Kb used=492Kb max_used=492Kb free=119571Kb
 bounds [0x0000020fe2db0000, 0x0000020fe3020000, 0x0000020fea2f0000]
CodeHeap 'profiled nmethods': size=120000Kb used=2437Kb max_used=2437Kb free=117562Kb
 bounds [0x0000020fdb880000, 0x0000020fdbaf0000, 0x0000020fe2db0000]
CodeHeap 'non-nmethods': size=5696Kb used=1224Kb max_used=1253Kb free=4471Kb
 bounds [0x0000020fdb2f0000, 0x0000020fdb560000, 0x0000020fdb880000]
 total_blobs=2181 nmethods=1320 adapters=504
 compilation: enabled
              stopped_count=0, restarted_count=0
 full_count=0

Compilation events (10 events):
Event: 3.787 Thread 0x0000020ff708b000 1316       3       java.util.LinkedList$ListItr::previous (70 bytes)
Event: 3.787 Thread 0x0000020ff708b000 nmethod 1316 0x0000020fdbadf010 code [0x0000020fdbadf220, 0x0000020fdbadf760]
Event: 3.788 Thread 0x0000020ff708b000 1317       1       java.util.LinkedList::size (5 bytes)
Event: 3.788 Thread 0x0000020ff708b000 nmethod 1317 0x0000020fe2e2af10 code [0x0000020fe2e2b0c0, 0x0000020fe2e2b1d8]
Event: 3.788 Thread 0x0000020ff708b000 1318       3       java.lang.Class::getInterfaces (49 bytes)
Event: 3.788 Thread 0x0000020ff708b000 nmethod 1318 0x0000020fdbadf910 code [0x0000020fdbadfb20, 0x0000020fdbae0060]
Event: 3.811 Thread 0x0000020ff708b000 1319  s    3       java.awt.KeyboardFocusManager::getCurrentKeyboardFocusManager (32 bytes)
Event: 3.811 Thread 0x0000020ff708b000 nmethod 1319 0x0000020fdbae0190 code [0x0000020fdbae0380, 0x0000020fdbae08d0]
Event: 3.811 Thread 0x0000020ff708b000 1320       3       java.awt.KeyboardFocusManager::getCurrentKeyboardFocusManager (7 bytes)
Event: 3.812 Thread 0x0000020ff708b000 nmethod 1320 0x0000020fdbae0a10 code [0x0000020fdbae0c20, 0x0000020fdbae1220]

GC Heap History (2 events):
Event: 0.999 GC heap before
{Heap before GC invocations=0 (full 0):
 garbage-first heap   total 262144K, used 17408K [0x0000000700c00000, 0x0000000800000000)
  region size 1024K, 14 young (14336K), 0 survivors (0K)
 Metaspace       used 14914K, capacity 15268K, committed 15360K, reserved 1062912K
  class space    used 1615K, capacity 1776K, committed 1792K, reserved 1048576K
}
Event: 1.003 GC heap after
{Heap after GC invocations=1 (full 0):
 garbage-first heap   total 262144K, used 5137K [0x0000000700c00000, 0x0000000800000000)
  region size 1024K, 2 young (2048K), 2 survivors (2048K)
 Metaspace       used 14914K, capacity 15268K, committed 15360K, reserved 1062912K
  class space    used 1615K, capacity 1776K, committed 1792K, reserved 1048576K
}

Deoptimization events (10 events):
Event: 1.068 Thread 0x0000020ff75bf800 Uncommon trap: reason=class_check action=maybe_recompile pc=0x0000020fe2dfef2c method=java.util.HashMap.putVal(ILjava/lang/Object;Ljava/lang/Object;ZZ)Ljava/lang/Object; @ 203 c2
Event: 1.068 Thread 0x0000020ff75bf800 Uncommon trap: reason=class_check action=maybe_recompile pc=0x0000020fe2dfef2c method=java.util.HashMap.putVal(ILjava/lang/Object;Ljava/lang/Object;ZZ)Ljava/lang/Object; @ 203 c2
Event: 1.068 Thread 0x0000020ff75bf800 Uncommon trap: reason=class_check action=maybe_recompile pc=0x0000020fe2dfef2c method=java.util.HashMap.putVal(ILjava/lang/Object;Ljava/lang/Object;ZZ)Ljava/lang/Object; @ 203 c2
Event: 1.090 Thread 0x0000020ff75bf800 Uncommon trap: reason=unstable_if action=reinterpret pc=0x0000020fe2e0e774 method=java.lang.Character.isSurrogate(C)Z @ 3 c2
Event: 1.179 Thread 0x0000020ff75bf800 Uncommon trap: reason=unstable_if action=reinterpret pc=0x0000020fe2e0d154 method=sun.font.TrueTypeFont.getDirectoryEntry(I)Lsun/font/TrueTypeFont$DirectoryEntry; @ 7 c2
Event: 2.521 Thread 0x0000020ff75bf800 Uncommon trap: reason=class_check action=maybe_recompile pc=0x0000020fe2dff9d8 method=java.lang.String.equals(Ljava/lang/Object;)Z @ 8 c2
Event: 2.521 Thread 0x0000020ff75bf800 Uncommon trap: reason=class_check action=maybe_recompile pc=0x0000020fe2dff9d8 method=java.lang.String.equals(Ljava/lang/Object;)Z @ 8 c2
Event: 2.524 Thread 0x0000020ff75bf800 Uncommon trap: reason=bimorphic_or_optimized_type_check action=maybe_recompile pc=0x0000020fe2de90f4 method=java.util.concurrent.ConcurrentHashMap.get(Ljava/lang/Object;)Ljava/lang/Object; @ 149 c2
Event: 2.673 Thread 0x0000020ff75bf800 Uncommon trap: reason=class_check action=maybe_recompile pc=0x0000020fe2dff9d8 method=java.lang.String.equals(Ljava/lang/Object;)Z @ 8 c2
Event: 2.673 Thread 0x0000020ff75bf800 Uncommon trap: reason=class_check action=maybe_recompile pc=0x0000020fe2dff9d8 method=java.lang.String.equals(Ljava/lang/Object;)Z @ 8 c2

Classes redefined (0 events):
No events

Internal exceptions (10 events):
Event: 0.573 Thread 0x0000020ff75bf800 Exception <a 'java/lang/ClassNotFoundException'{0x00000007105b8d00}: com/sun/swing/internal/plaf/metal/resources/spi/metalProvider> (0x00000007105b8d00) thrown at [t:/workspace/open/src/hotspot/share/classfile/systemDictionary.cpp, line 231]
Event: 0.574 Thread 0x0000020ff75bf800 Exception <a 'java/lang/ClassNotFoundException'{0x00000007105bf7f8}: com/sun/swing/internal/plaf/basic/resources/spi/basicProvider> (0x00000007105bf7f8) thrown at [t:/workspace/open/src/hotspot/share/classfile/systemDictionary.cpp, line 231]
Event: 0.648 Thread 0x0000020ff75bf800 Exception <a 'java/io/FileNotFoundException'{0x00000007104eb5f8}> (0x00000007104eb5f8) thrown at [t:/workspace/open/src/hotspot/share/prims/jni.cpp, line 615]
Event: 0.648 Thread 0x0000020ff75bf800 Exception <a 'java/lang/NullPointerException'{0x00000007104ebe58}> (0x00000007104ebe58) thrown at [t:/workspace/open/src/hotspot/share/interpreter/linkResolver.cpp, line 1354]
Event: 0.673 Thread 0x0000020ff75bf800 Exception <a 'java/lang/NoSuchMethodError'{0x00000007103c4bb0}: java.lang.invoke.DirectMethodHandle$Holder.invokeStatic(Ljava/lang/Object;Ljava/lang/Object;Ljava/lang/Object;Ljava/lang/Object;Ljava/lang/Object;Ljava/lang/Object;Ljava/lang/Object;Ljava/lan
Event: 0.675 Thread 0x0000020ff75bf800 Exception <a 'java/lang/NoSuchMethodError'{0x00000007103e2f90}: java.lang.invoke.DirectMethodHandle$Holder.invokeStatic(Ljava/lang/Object;Ljava/lang/Object;Ljava/lang/Object;Ljava/lang/Object;Ljava/lang/Object;Ljava/lang/Object;Ljava/lang/Object;Ljava/lan
Event: 0.677 Thread 0x0000020ff75bf800 Exception <a 'java/lang/NoSuchMethodError'{0x00000007102024c0}: java.lang.invoke.DirectMethodHandle$Holder.invokeStatic(Ljava/lang/Object;Ljava/lang/Object;Ljava/lang/Object;Ljava/lang/Object;Ljava/lang/Object;Ljava/lang/Object;Ljava/lang/Object;Ljava/lan
Event: 0.679 Thread 0x0000020ff75bf800 Exception <a 'java/lang/NoSuchMethodError'{0x0000000710222b78}: java.lang.invoke.DirectMethodHandle$Holder.invokeStatic(Ljava/lang/Object;Ljava/lang/Object;Ljava/lang/Object;Ljava/lang/Object;Ljava/lang/Object;Ljava/lang/Object;Ljava/lang/Object;Ljava/lan
Event: 0.721 Thread 0x0000020ff75bf800 Exception <a 'java/lang/NoSuchMethodError'{0x00000007102e3568}: java.lang.invoke.DirectMethodHandle$Holder.invokeStaticInit(Ljava/lang/Object;)V> (0x00000007102e3568) thrown at [t:/workspace/open/src/hotspot/share/interpreter/linkResolver.cpp, line 772]
Event: 0.727 Thread 0x0000020ff75bf800 Exception <a 'java/lang/NoSuchMethodError'{0x0000000710137b80}: java.lang.invoke.Invokers$Holder.linkToTargetMethod(Ljava/lang/Object;ILjava/lang/Object;)Ljava/lang/Object;> (0x0000000710137b80) thrown at [t:/workspace/open/src/hotspot/share/interpreter/l

Events (10 events):
Event: 2.523 loading class javax/swing/RepaintManager$3 done
Event: 2.524 Thread 0x0000020ff75bf800 Uncommon trap: trap_request=0xffffffc6 fr.pc=0x0000020fe2de90f4 relative=0x0000000000000954
Event: 2.524 Thread 0x0000020ff75bf800 DEOPT PACKING pc=0x0000020fe2de90f4 sp=0x000000a67d4fa230
Event: 2.524 Thread 0x0000020ff75bf800 DEOPT UNPACKING pc=0x0000020fdb31912f sp=0x000000a67d4fa1d0 mode 2
Event: 2.673 Thread 0x0000020ff75bf800 Uncommon trap: trap_request=0xffffffde fr.pc=0x0000020fe2dff9d8 relative=0x0000000000000238
Event: 2.673 Thread 0x0000020ff75bf800 DEOPT PACKING pc=0x0000020fe2dff9d8 sp=0x000000a67d4fadc0
Event: 2.673 Thread 0x0000020ff75bf800 DEOPT UNPACKING pc=0x0000020fdb31912f sp=0x000000a67d4fad48 mode 2
Event: 2.673 Thread 0x0000020ff75bf800 Uncommon trap: trap_request=0xffffffde fr.pc=0x0000020fe2dff9d8 relative=0x0000000000000238
Event: 2.673 Thread 0x0000020ff75bf800 DEOPT PACKING pc=0x0000020fe2dff9d8 sp=0x000000a67d4fadc0
Event: 2.673 Thread 0x0000020ff75bf800 DEOPT UNPACKING pc=0x0000020fdb31912f sp=0x000000a67d4fad48 mode 2


Dynamic libraries:
0x00007ff7e41a0000 - 0x00007ff7e41e7000 	D:\Programs\JDK\bin\java.exe
0x00007ff8c16e0000 - 0x00007ff8c18d0000 	C:\WINDOWS\SYSTEM32\ntdll.dll
0x00007ff8c06e0000 - 0x00007ff8c0792000 	C:\WINDOWS\System32\KERNEL32.DLL
0x00007ff8bf230000 - 0x00007ff8bf4d4000 	C:\WINDOWS\System32\KERNELBASE.dll
0x00007ff8c0810000 - 0x00007ff8c08b3000 	C:\WINDOWS\System32\ADVAPI32.dll
0x00007ff8c14f0000 - 0x00007ff8c158e000 	C:\WINDOWS\System32\msvcrt.dll
0x00007ff8bfe80000 - 0x00007ff8bff17000 	C:\WINDOWS\System32\sechost.dll
0x00007ff8bffe0000 - 0x00007ff8c0100000 	C:\WINDOWS\System32\RPCRT4.dll
0x00007ff8c0a20000 - 0x00007ff8c0bb4000 	C:\WINDOWS\System32\USER32.dll
0x00007ff8bf500000 - 0x00007ff8bf521000 	C:\WINDOWS\System32\win32u.dll
0x00007ff8bff30000 - 0x00007ff8bff56000 	C:\WINDOWS\System32\GDI32.dll
0x00007ff8be8d0000 - 0x00007ff8bea66000 	C:\WINDOWS\System32\gdi32full.dll
0x00007ff8be7b0000 - 0x00007ff8be84e000 	C:\WINDOWS\System32\msvcp_win.dll
0x00007ff8bf690000 - 0x00007ff8bf78a000 	C:\WINDOWS\System32\ucrtbase.dll
0x00007ff8b4a10000 - 0x00007ff8b4c94000 	C:\WINDOWS\WinSxS\amd64_microsoft.windows.common-controls_6595b64144ccf1df_6.0.18362.959_none_e6c7bbbf130c62bb\COMCTL32.dll
0x00007ff8c0200000 - 0x00007ff8c0535000 	C:\WINDOWS\System32\combase.dll
0x00007ff8b9490000 - 0x00007ff8b949a000 	C:\WINDOWS\SYSTEM32\VERSION.dll
0x00007ff8be850000 - 0x00007ff8be8d0000 	C:\WINDOWS\System32\bcryptPrimitives.dll
0x00007ff8c0170000 - 0x00007ff8c019e000 	C:\WINDOWS\System32\IMM32.DLL
0x00007ff8ba440000 - 0x00007ff8ba456000 	D:\Programs\JDK\bin\vcruntime140.dll
0x00007ff8a1ba0000 - 0x00007ff8a1c4a000 	D:\Programs\JDK\bin\msvcp140.dll
0x00007ff87fb60000 - 0x00007ff880687000 	D:\Programs\JDK\bin\server\jvm.dll
0x00007ff8bff20000 - 0x00007ff8bff28000 	C:\WINDOWS\System32\PSAPI.DLL
0x00007ff8b2790000 - 0x00007ff8b2799000 	C:\WINDOWS\SYSTEM32\WSOCK32.dll
0x00007ff8b29d0000 - 0x00007ff8b29f4000 	C:\WINDOWS\SYSTEM32\WINMM.dll
0x00007ff8c0100000 - 0x00007ff8c016f000 	C:\WINDOWS\System32\WS2_32.dll
0x00007ff8b2760000 - 0x00007ff8b278d000 	C:\WINDOWS\SYSTEM32\winmmbase.dll
0x00007ff8bf590000 - 0x00007ff8bf5da000 	C:\WINDOWS\System32\cfgmgr32.dll
0x00007ff8be620000 - 0x00007ff8be631000 	C:\WINDOWS\System32\kernel.appcore.dll
0x00007ff8b17d0000 - 0x00007ff8b17e1000 	D:\Programs\JDK\bin\verify.dll
0x00007ff8b65f0000 - 0x00007ff8b67e4000 	C:\WINDOWS\SYSTEM32\DBGHELP.DLL
0x00007ff8b65c0000 - 0x00007ff8b65ea000 	C:\WINDOWS\SYSTEM32\dbgcore.DLL
0x00007ff8a6390000 - 0x00007ff8a63b9000 	D:\Programs\JDK\bin\java.dll
0x00007ff8a9470000 - 0x00007ff8a9486000 	D:\Programs\JDK\bin\zip.dll
0x00007ff8b1240000 - 0x00007ff8b124a000 	D:\Programs\JDK\bin\jimage.dll
0x00007ff8bf790000 - 0x00007ff8bfe76000 	C:\WINDOWS\System32\SHELL32.dll
0x00007ff8c1590000 - 0x00007ff8c1639000 	C:\WINDOWS\System32\shcore.dll
0x00007ff8beaa0000 - 0x00007ff8bf222000 	C:\WINDOWS\System32\windows.storage.dll
0x00007ff8be5f0000 - 0x00007ff8be613000 	C:\WINDOWS\System32\profapi.dll
0x00007ff8be5a0000 - 0x00007ff8be5ea000 	C:\WINDOWS\System32\powrprof.dll
0x00007ff8be590000 - 0x00007ff8be5a0000 	C:\WINDOWS\System32\UMPDC.dll
0x00007ff8c01a0000 - 0x00007ff8c01f2000 	C:\WINDOWS\System32\shlwapi.dll
0x00007ff8bf4e0000 - 0x00007ff8bf4f7000 	C:\WINDOWS\System32\cryptsp.dll
0x00007ff8a7b70000 - 0x00007ff8a7b89000 	D:\Programs\JDK\bin\net.dll
0x00007ff8b39f0000 - 0x00007ff8b3bc6000 	C:\WINDOWS\SYSTEM32\urlmon.dll
0x00007ff8b85d0000 - 0x00007ff8b86c0000 	C:\WINDOWS\SYSTEM32\WINHTTP.dll
0x00007ff8b1880000 - 0x00007ff8b1b26000 	C:\WINDOWS\SYSTEM32\iertutil.dll
0x00007ff8bdf70000 - 0x00007ff8bdf7c000 	C:\WINDOWS\SYSTEM32\CRYPTBASE.DLL
0x00007ff8bdda0000 - 0x00007ff8bde07000 	C:\WINDOWS\system32\mswsock.dll
0x00007ff89dc00000 - 0x00007ff89dc13000 	D:\Programs\JDK\bin\nio.dll
0x00007ff8817c0000 - 0x00007ff88195f000 	D:\Programs\JDK\bin\awt.dll
0x00007ff8c1420000 - 0x00007ff8c14e5000 	C:\WINDOWS\System32\OLEAUT32.dll
0x00007ff8bb650000 - 0x00007ff8bbc10000 	C:\WINDOWS\SYSTEM32\d2d1.dll
0x00007ff8bcac0000 - 0x00007ff8bcb4f000 	C:\WINDOWS\SYSTEM32\apphelp.dll
0x00007ff8bcd70000 - 0x00007ff8bce09000 	C:\WINDOWS\system32\uxtheme.dll
0x00007ff8c12e0000 - 0x00007ff8c1415000 	C:\WINDOWS\System32\MSCTF.dll
0x00007ff8c08c0000 - 0x00007ff8c0a17000 	C:\WINDOWS\System32\ole32.dll
0x00007ff8bcf40000 - 0x00007ff8bcf6d000 	C:\WINDOWS\system32\DWMAPI.DLL
0x00007ff895280000 - 0x00007ff8953d6000 	C:\WINDOWS\system32\opengl32.dll
0x00007ff89e2d0000 - 0x00007ff89e2fc000 	C:\WINDOWS\SYSTEM32\GLU32.dll
0x00007ff8bd340000 - 0x00007ff8bd360000 	C:\WINDOWS\SYSTEM32\dxcore.dll
0x00007ff8b5bd0000 - 0x00007ff8b5d97000 	C:\WINDOWS\system32\d3d9.dll
0x00007ff8a74a0000 - 0x00007ff8a758f000 	C:\WINDOWS\System32\DriverStore\FileRepository\nv_dispi.inf_amd64_55e7fb10ab85a7c2\nvldumdx.dll
0x00007ff8be660000 - 0x00007ff8be7a9000 	C:\WINDOWS\System32\crypt32.dll
0x00007ff8be640000 - 0x00007ff8be652000 	C:\WINDOWS\System32\MSASN1.dll
0x00007ff8b9080000 - 0x00007ff8b90af000 	C:\WINDOWS\SYSTEM32\cryptnet.dll
0x00007ff8bf530000 - 0x00007ff8bf58c000 	C:\WINDOWS\System32\WINTRUST.DLL
0x00007ff8c1100000 - 0x00007ff8c111d000 	C:\WINDOWS\System32\imagehlp.dll
0x00007ff8bd910000 - 0x00007ff8bd943000 	C:\WINDOWS\system32\rsaenh.dll
0x00007ff8bea70000 - 0x00007ff8bea96000 	C:\WINDOWS\System32\bcrypt.dll
0x00007ff87c850000 - 0x00007ff87dd73000 	C:\WINDOWS\System32\DriverStore\FileRepository\nv_dispi.inf_amd64_55e7fb10ab85a7c2\nvd3dumx.dll
0x00007ff8954b0000 - 0x00007ff895774000 	C:\WINDOWS\system32\nvspcap64.dll
0x00007ff8bd5c0000 - 0x00007ff8bd5f1000 	C:\WINDOWS\SYSTEM32\ntmarta.dll
0x00007ff8bd1b0000 - 0x00007ff8bd1d2000 	C:\WINDOWS\SYSTEM32\gpapi.dll
0x00007ff88c400000 - 0x00007ff88c480000 	D:\Programs\JDK\bin\freetype.dll
0x00007ff88dbc0000 - 0x00007ff88dc2f000 	D:\Programs\JDK\bin\fontmanager.dll
0x00007ff8c0630000 - 0x00007ff8c06d2000 	C:\WINDOWS\System32\clbcatq.dll
0x00007ff8a1640000 - 0x00007ff8a17ef000 	C:\WINDOWS\SYSTEM32\WindowsCodecs.dll
0x00007ff8acf10000 - 0x00007ff8acf4a000 	C:\WINDOWS\system32\dataexchange.dll
0x00007ff8bbc10000 - 0x00007ff8bbe6b000 	C:\WINDOWS\system32\d3d11.dll
0x00007ff8bb470000 - 0x00007ff8bb64d000 	C:\WINDOWS\system32\dcomp.dll
0x00007ff8bd360000 - 0x00007ff8bd44b000 	C:\WINDOWS\system32\dxgi.dll
0x00007ff8bc850000 - 0x00007ff8bcab2000 	C:\WINDOWS\system32\twinapi.appcore.dll
0x00007ff8bcd40000 - 0x00007ff8bcd69000 	C:\WINDOWS\system32\RMCLIENT.dll
0x00007ff8b47e0000 - 0x00007ff8b487e000 	C:\WINDOWS\System32\TextInputFramework.dll
0x00007ff8a6780000 - 0x00007ff8a6aaa000 	C:\WINDOWS\System32\CoreUIComponents.dll
0x00007ff8bc2d0000 - 0x00007ff8bc3a4000 	C:\WINDOWS\System32\CoreMessaging.dll
0x00007ff8ba680000 - 0x00007ff8ba7d3000 	C:\WINDOWS\SYSTEM32\wintypes.dll
0x00007ff895f20000 - 0x00007ff895fdc000 	C:\Windows\system32\SogouWBTSF.ime
0x00007ff8bb1d0000 - 0x00007ff8bb1d7000 	C:\Windows\system32\MSIMG32.dll
0x0000000180000000 - 0x0000000180490000 	C:\WINDOWS\system32\SogouWb.ime
0x00007ff8b27e0000 - 0x00007ff8b2983000 	C:\WINDOWS\WinSxS\amd64_microsoft.windows.gdiplus_6595b64144ccf1df_1.1.18362.959_none_17b2aea46d9edc89\gdiplus.dll
0x00007ff8b13e0000 - 0x00007ff8b13ec000 	C:\WINDOWS\SYSTEM32\Secur32.dll
0x00007ff8b5ed0000 - 0x00007ff8b5f35000 	C:\WINDOWS\SYSTEM32\OLEACC.dll
0x00007ff8b1c00000 - 0x00007ff8b20d5000 	C:\WINDOWS\SYSTEM32\WININET.dll
0x00007ff8be480000 - 0x00007ff8be4af000 	C:\WINDOWS\SYSTEM32\SSPICLI.DLL
0x0000020f81de0000 - 0x0000020f81e89000 	C:\Program Files\SogouWBInput\3.1.0.1751\Plugins64\ManualNewWord.dll
0x00007ff8a7870000 - 0x00007ff8a7911000 	C:\Windows\System32\twinapi.dll
0x00007ff8af750000 - 0x00007ff8afebe000 	C:\Windows\System32\OneCoreUAPCommonProxyStub.dll
0x0000020f81ef0000 - 0x0000020f81f7a000 	C:\Program Files\SogouWBInput\3.1.0.1751\Plugins64\StatisticsModule.dll
0x0000020f821f0000 - 0x0000020f82275000 	C:\Program Files\SogouWBInput\3.1.0.1751\Plugins64\PunctureModule.dll

dbghelp: loaded successfully - version: 4.0.5 - missing functions: none
symbol engine: initialized successfully - sym options: 0x614 - pdb path: .;D:\Programs\JDK\bin;C:\WINDOWS\SYSTEM32;C:\WINDOWS\WinSxS\amd64_microsoft.windows.common-controls_6595b64144ccf1df_6.0.18362.959_none_e6c7bbbf130c62bb;D:\Programs\JDK\bin\server;C:\WINDOWS\System32\DriverStore\FileRepository\nv_dispi.inf_amd64_55e7fb10ab85a7c2;C:\WINDOWS\WinSxS\amd64_microsoft.windows.gdiplus_6595b64144ccf1df_1.1.18362.959_none_17b2aea46d9edc89;C:\Program Files\SogouWBInput\3.1.0.1751\Plugins64

VM Arguments:
java_command: his.jar
java_class_path (initial): his.jar
Launcher Type: SUN_STANDARD

[Global flags]
     intx CICompilerCount                          = 3                                         {product} {ergonomic}
     uint ConcGCThreads                            = 1                                         {product} {ergonomic}
     uint G1ConcRefinementThreads                  = 4                                         {product} {ergonomic}
   size_t G1HeapRegionSize                         = 1048576                                   {product} {ergonomic}
    uintx GCDrainStackTargetSize                   = 64                                        {product} {ergonomic}
   size_t InitialHeapSize                          = 268435456                                 {product} {ergonomic}
   size_t MarkStackSize                            = 4194304                                   {product} {ergonomic}
   size_t MaxHeapSize                              = 4282384384                                {product} {ergonomic}
   size_t MaxNewSize                               = 2569011200                                {product} {ergonomic}
   size_t MinHeapDeltaBytes                        = 1048576                                   {product} {ergonomic}
    uintx NonNMethodCodeHeapSize                   = 5830092                                {pd product} {ergonomic}
    uintx NonProfiledCodeHeapSize                  = 122914074                              {pd product} {ergonomic}
    uintx ProfiledCodeHeapSize                     = 122914074                              {pd product} {ergonomic}
    uintx ReservedCodeCacheSize                    = 251658240                              {pd product} {ergonomic}
     bool SegmentedCodeCache                       = true                                      {product} {ergonomic}
     bool UseCompressedClassPointers               = true                                 {lp64_product} {ergonomic}
     bool UseCompressedOops                        = true                                 {lp64_product} {ergonomic}
     bool UseG1GC                                  = true                                      {product} {ergonomic}
     bool UseLargePagesIndividualAllocation        = false                                  {pd product} {ergonomic}

Logging:
Log output configuration:
 #0: stdout all=warning uptime,level,tags
 #1: stderr all=off uptime,level,tags

Environment Variables:
JAVA_HOME=D:\Programs\JDK
CLASSPATH=.;D:\Programs\JDK/lib/servlet-api.jar;D:\Programs\JDK/lib/gson-2.8.6.jar
PATH=C:\Windows\system32;C:\Windows;C:\Windows\System32\Wbem;C:\Windows\System32\WindowsPowerShell\v1.0\;C:\Windows\System32\OpenSSH\;D:\Programs\JDK\bin;D:\Servers\PHP;C:\ProgramData\ComposerSetup\bin;C:\Program Files\dotnet\;C:\Program Files\Microsoft SQL Server\130\Tools\Binn\;C:\Program Files (x86)\dotnet\;C:\Program Files (x86)\Microsoft SQL Server\100\Tools\Binn\;C:\Program Files\Microsoft SQL Server\100\Tools\Binn\;C:\Program Files\Microsoft SQL Server\100\DTS\Binn\;C:\Program Files (x86)\Microsoft SQL Server\100\Tools\Binn\VSShell\Common7\IDE\;C:\Program Files (x86)\Microsoft Visual Studio 9.0\Common7\IDE\PrivateAssemblies\;C:\Program Files (x86)\Microsoft SQL Server\100\DTS\Binn\;C:\Program Files\NVIDIA Corporation\NVIDIA NvDLISR;C:\Program Files (x86)\NVIDIA Corporation\PhysX\Common;D:\Programs\nodejs\;C:\Program Files\Microsoft SQL Server\Client SDK\ODBC\170\Tools\Binn\;C:\Android;C:\Program Files\TortoiseSVN\bin;C:\Program Files (x86)\Microsoft SQL Server\150\DTS\Binn\;C:\Program Files\Redis\;C:\WINDOWS\system32;C:\WINDOWS;C:\WINDOWS\System32\Wbem;C:\WINDOWS\System32\WindowsPowerShell\v1.0\;C:\WINDOWS\System32\OpenSSH\;d:\Program Files\Git\cmd;d:\Program Files\Git\mingw64\bin;d:\Program Files\Git\usr\bin;C:\Users\Administrator\AppData\Local\Microsoft\WindowsApps;D:\Programs\MinGW64\bin;C:\Users\Administrator\AppData\Roaming\Composer\vendor\bin;D:\Programs\ffmpeg\bin;C:\Users\Administrator\.dotnet\tools;D:\Programs\cmake\bin;D:\Servers\MariaDB\bin;C:\Users\Administrator\AppData\Roaming\npm;%USERPROFILE%\AppData\Local\Microsoft\WindowsApps;
USERNAME=Administrator
OS=Windows_NT
PROCESSOR_IDENTIFIER=Intel64 Family 6 Model 58 Stepping 9, GenuineIntel



---------------  S Y S T E M  ---------------

OS: Windows 10 , 64 bit Build 18362 (10.0.18362.959)

CPU:total 4 (initial active 4) (4 cores per cpu, 1 threads per core) family 6 model 58 stepping 9, cmov, cx8, fxsr, mmx, sse, sse2, sse3, ssse3, sse4.1, sse4.2, popcnt, avx, aes, clmul, erms, tsc, tscinvbit, tscinv

Memory: 4k page, system-wide physical 16330M (7090M free)
TotalPageFile size 19274M (AvailPageFile size 5903M)
current process WorkingSet (physical memory assigned to process): 127M, peak: 127M
current process commit charge ("private bytes"): 390M, peak: 390M

vm_info: Java HotSpot(TM) 64-Bit Server VM (11.0.2+9-LTS) for windows-amd64 JRE (11.0.2+9-LTS), built on Jan 18 2019 05:24:10 by "mach5one" with MS VC++ 15.5 (VS2017)

END.
